<?xml version="1.0" encoding="UTF-8"?>
<testng-results ignored="1" total="3" passed="2" failed="0" skipped="0">
  <reporter-output>
  </reporter-output>
  <suite started-at="2021-03-19T10:57:38 IST" name="Default suite" finished-at="2021-03-19T10:57:38 IST" duration-ms="62">
    <groups>
    </groups>
    <test started-at="2021-03-19T10:57:38 IST" name="Default test" finished-at="2021-03-19T10:57:38 IST" duration-ms="62">
      <class name="listeners.ListenerTestCheck">
        <test-method signature="test1()[pri:0, instance:listeners.ListenerTestCheck@1ba9117e]" started-at="2021-03-19T10:57:38 IST" name="test1" finished-at="2021-03-19T10:57:38 IST" duration-ms="10" status="PASS">
          <reporter-output>
          </reporter-output>
        </test-method> <!-- test1 -->
        <test-method signature="test2()[pri:0, instance:listeners.ListenerTestCheck@1ba9117e]" started-at="2021-03-19T10:57:38 IST" name="test2" finished-at="2021-03-19T10:57:38 IST" duration-ms="2" status="PASS">
          <reporter-output>
          </reporter-output>
        </test-method> <!-- test2 -->
      </class> <!-- listeners.ListenerTestCheck -->
    </test> <!-- Default test -->
  </suite> <!-- Default suite -->
</testng-results>
