<?xml version="1.0" encoding="UTF-8"?>
<!-- Generated by org.testng.reporters.JUnitXMLReporter -->
<testsuite ignored="1" hostname="DESKTOP-QS57T73" failures="0" tests="2" name="Default test" time="0.062" errors="0" timestamp="2021-03-19T10:57:38 IST">
  <testcase classname="listeners.ListenerTestCheck" name="test1" time="0.01"/>
  <testcase classname="listeners.ListenerTestCheck" name="test2" time="0.002"/>
  <testcase classname="listeners.ListenerTestCheck" name="test3" time="0.0">
    <ignored/>
  </testcase> <!-- test3 -->
</testsuite> <!-- Default test -->
